<?xml version="1.0" encoding="UTF-8"?>
<coverage generated="1597244841">
    <project timestamp="1597244841">
        <package name="Alxarafe\Core\Autoload">
            <file name="/home/rsanjose/source_code/alxarafe/src/Alxarafe/Core/Autoload/Load.php">
                <class name="Alxarafe\Core\Autoload\Load" namespace="Alxarafe\Core\Autoload" fullPackage="Alxarafe"
                       package="Alxarafe">
                    <metrics complexity="21" methods="6" coveredmethods="3" conditionals="0" coveredconditionals="0"
                             statements="42" coveredstatements="31" elements="48" coveredelements="34"/>
                </class>
                <line num="62" type="method" name="__construct" visibility="public" complexity="3" crap="12" count="0"/>
                <line num="64" type="stmt" count="0"/>
                <line num="65" type="stmt" count="0"/>
                <line num="66" type="stmt" count="0"/>
                <line num="67" type="stmt" count="0"/>
                <line num="68" type="stmt" count="0"/>
                <line num="70" type="stmt" count="0"/>
                <line num="72" type="stmt" count="0"/>
                <line num="80" type="method" name="init" visibility="public" complexity="5" crap="5.68" count="1"/>
                <line num="83" type="stmt" count="1"/>
                <line num="84" type="stmt" count="1"/>
                <line num="85" type="stmt" count="1"/>
                <line num="86" type="stmt" count="0"/>
                <line num="90" type="stmt" count="1"/>
                <line num="91" type="stmt" count="1"/>
                <line num="93" type="stmt" count="1"/>
                <line num="94" type="stmt" count="0"/>
                <line num="95" type="stmt" count="0"/>
                <line num="97" type="stmt" count="1"/>
                <line num="104" type="method" name="addDirs" visibility="public" complexity="2" crap="2" count="2"/>
                <line num="106" type="stmt" count="2"/>
                <line num="107" type="stmt" count="1"/>
                <line num="109" type="stmt" count="2"/>
                <line num="110" type="stmt" count="2"/>
                <line num="117" type="method" name="getInstance" visibility="public" complexity="1" crap="1" count="1"/>
                <line num="119" type="stmt" count="1"/>
                <line num="132" type="method" name="autoLoad" visibility="public" complexity="7" crap="7.03" count="3"/>
                <line num="135" type="stmt" count="3"/>
                <line num="136" type="stmt" count="3"/>
                <line num="137" type="stmt" count="3"/>
                <line num="138" type="stmt" count="3"/>
                <line num="139" type="stmt" count="3"/>
                <line num="140" type="stmt" count="1"/>
                <line num="141" type="stmt" count="1"/>
                <line num="145" type="stmt" count="3"/>
                <line num="148" type="stmt" count="2"/>
                <line num="149" type="stmt" count="0"/>
                <line num="151" type="stmt" count="2"/>
                <line num="153" type="stmt" count="3"/>
                <line num="166" type="method" name="loadFile" visibility="protected" complexity="3" crap="3" count="3"/>
                <line num="168" type="stmt" count="3"/>
                <line num="169" type="stmt" count="3"/>
                <line num="170" type="stmt" count="1"/>
                <line num="172" type="stmt" count="3"/>
                <line num="173" type="stmt" count="1"/>
                <line num="174" type="stmt" count="1"/>
                <line num="175" type="stmt" count="1"/>
                <line num="177" type="stmt" count="2"/>
                <metrics loc="179" ncloc="113" classes="1" methods="6" coveredmethods="3" conditionals="0"
                         coveredconditionals="0" statements="42" coveredstatements="31" elements="48"
                         coveredelements="34"/>
            </file>
        </package>
        <package name="Alxarafe\Core\Base">
            <file name="/home/rsanjose/source_code/alxarafe/src/Alxarafe/Core/Base/AuthController.php">
                <class name="Alxarafe\Core\Base\AuthController" namespace="Alxarafe\Core\Base" fullPackage="Alxarafe"
                       package="Alxarafe">
                    <metrics complexity="17" methods="6" coveredmethods="3" conditionals="0" coveredconditionals="0"
                             statements="44" coveredstatements="27" elements="50" coveredelements="30"/>
                </class>
                <line num="53" type="method" name="runMethod" visibility="public" complexity="2" crap="6" count="0"/>
                <line num="55" type="stmt" count="0"/>
                <line num="56" type="stmt" count="0"/>
                <line num="57" type="stmt" count="0"/>
                <line num="58" type="stmt" count="0"/>
                <line num="59" type="stmt" count="0"/>
                <line num="61" type="stmt" count="0"/>
                <line num="67" type="method" name="checkAuth" visibility="public" complexity="2" crap="2" count="9"/>
                <line num="69" type="stmt" count="9"/>
                <line num="70" type="stmt" count="9"/>
                <line num="78" type="method" name="checkLoginWeb" visibility="private" complexity="4" crap="6.50"
                      count="9"/>
                <line num="80" type="stmt" count="9"/>
                <line num="82" type="stmt" count="9"/>
                <line num="83" type="stmt" count="9"/>
                <line num="84" type="stmt" count="9"/>
                <line num="85" type="stmt" count="9"/>
                <line num="86" type="stmt" count="0"/>
                <line num="87" type="stmt" count="0"/>
                <line num="88" type="stmt" count="0"/>
                <line num="89" type="stmt" count="0"/>
                <line num="91" type="stmt" count="0"/>
                <line num="92" type="stmt" count="0"/>
                <line num="93" type="stmt" count="0"/>
                <line num="96" type="stmt" count="9"/>
                <line num="104" type="method" name="checkLoginAPI" visibility="private" complexity="5" crap="7.19"
                      count="9"/>
                <line num="106" type="stmt" count="9"/>
                <line num="108" type="stmt" count="9"/>
                <line num="109" type="stmt" count="9"/>
                <line num="110" type="stmt" count="9"/>
                <line num="111" type="stmt" count="0"/>
                <line num="112" type="stmt" count="0"/>
                <line num="113" type="stmt" count="0"/>
                <line num="115" type="stmt" count="0"/>
                <line num="118" type="stmt" count="9"/>
                <line num="127" type="method" name="adjustCookieUser" visibility="private" complexity="3" crap="3"
                      count="9"/>
                <line num="129" type="stmt" count="9"/>
                <line num="130" type="stmt" count="9"/>
                <line num="131" type="stmt" count="9"/>
                <line num="134" type="stmt" count="9"/>
                <line num="135" type="stmt" count="9"/>
                <line num="137" type="stmt" count="9"/>
                <line num="138" type="stmt" count="9"/>
                <line num="139" type="stmt" count="9"/>
                <line num="140" type="stmt" count="9"/>
                <line num="147" type="method" name="logout" visibility="public" complexity="1" crap="1" count="9"/>
                <line num="149" type="stmt" count="9"/>
                <line num="150" type="stmt" count="9"/>
                <line num="151" type="stmt" count="9"/>
                <line num="152" type="stmt" count="9"/>
                <line num="153" type="stmt" count="9"/>
                <metrics loc="155" ncloc="110" classes="1" methods="6" coveredmethods="3" conditionals="0"
                         coveredconditionals="0" statements="44" coveredstatements="27" elements="50"
                         coveredelements="30"/>
            </file>
            <file name="/home/rsanjose/source_code/alxarafe/src/Alxarafe/Core/Base/AuthPageController.php">
                <class name="Alxarafe\Core\Base\AuthPageController" namespace="Alxarafe\Core\Base"
                       fullPackage="Alxarafe" package="Alxarafe">
                    <metrics complexity="47" methods="8" coveredmethods="2" conditionals="0" coveredconditionals="0"
                             statements="104" coveredstatements="20" elements="112" coveredelements="22"/>
                </class>
                <line num="129" type="method" name="__construct" visibility="public" complexity="1" crap="1" count="1"/>
                <line num="131" type="stmt" count="1"/>
                <line num="133" type="stmt" count="1"/>
                <line num="135" type="stmt" count="1"/>
                <line num="136" type="stmt" count="1"/>
                <line num="143" type="method" name="setPageDetails" visibility="protected" complexity="2" crap="2"
                      count="1"/>
                <line num="145" type="stmt" count="1"/>
                <line num="146" type="stmt" count="1"/>
                <line num="148" type="stmt" count="1"/>
                <line num="155" type="method" name="pageDetails" visibility="public" complexity="2" crap="6" count="0"/>
                <line num="158" type="stmt" count="0"/>
                <line num="159" type="stmt" count="0"/>
                <line num="160" type="stmt" count="0"/>
                <line num="161" type="stmt" count="0"/>
                <line num="164" type="stmt" count="0"/>
                <line num="165" type="stmt" count="0"/>
                <line num="166" type="stmt" count="0"/>
                <line num="167" type="stmt" count="0"/>
                <line num="170" type="stmt" count="0"/>
                <line num="213" type="method" name="runMethod" visibility="public" complexity="22" crap="442.95"
                      count="9"/>
                <line num="215" type="stmt" count="9"/>
                <line num="216" type="stmt" count="9"/>
                <line num="218" type="stmt" count="0"/>
                <line num="219" type="stmt" count="0"/>
                <line num="220" type="stmt" count="0"/>
                <line num="222" type="stmt" count="0"/>
                <line num="223" type="stmt" count="0"/>
                <line num="224" type="stmt" count="0"/>
                <line num="225" type="stmt" count="0"/>
                <line num="226" type="stmt" count="0"/>
                <line num="227" type="stmt" count="0"/>
                <line num="228" type="stmt" count="0"/>
                <line num="230" type="stmt" count="0"/>
                <line num="231" type="stmt" count="0"/>
                <line num="232" type="stmt" count="0"/>
                <line num="234" type="stmt" count="0"/>
                <line num="235" type="stmt" count="0"/>
                <line num="236" type="stmt" count="0"/>
                <line num="237" type="stmt" count="0"/>
                <line num="239" type="stmt" count="0"/>
                <line num="240" type="stmt" count="0"/>
                <line num="241" type="stmt" count="0"/>
                <line num="243" type="stmt" count="0"/>
                <line num="244" type="stmt" count="0"/>
                <line num="245" type="stmt" count="0"/>
                <line num="246" type="stmt" count="0"/>
                <line num="248" type="stmt" count="0"/>
                <line num="249" type="stmt" count="0"/>
                <line num="250" type="stmt" count="0"/>
                <line num="252" type="stmt" count="0"/>
                <line num="253" type="stmt" count="0"/>
                <line num="254" type="stmt" count="0"/>
                <line num="255" type="stmt" count="0"/>
                <line num="257" type="stmt" count="0"/>
                <line num="258" type="stmt" count="0"/>
                <line num="259" type="stmt" count="0"/>
                <line num="261" type="stmt" count="0"/>
                <line num="262" type="stmt" count="0"/>
                <line num="263" type="stmt" count="0"/>
                <line num="264" type="stmt" count="0"/>
                <line num="266" type="stmt" count="0"/>
                <line num="270" type="stmt" count="0"/>
                <line num="271" type="stmt" count="0"/>
                <line num="272" type="stmt" count="0"/>
                <line num="278" type="method" name="loadPerms" visibility="private" complexity="1" crap="2" count="0"/>
                <line num="281" type="stmt" count="0"/>
                <line num="282" type="stmt" count="0"/>
                <line num="283" type="stmt" count="0"/>
                <line num="284" type="stmt" count="0"/>
                <line num="285" type="stmt" count="0"/>
                <line num="286" type="stmt" count="0"/>
                <line num="287" type="stmt" count="0"/>
                <line num="288" type="stmt" count="0"/>
                <line num="289" type="stmt" count="0"/>
                <line num="292" type="stmt" count="0"/>
                <line num="293" type="stmt" count="0"/>
                <line num="302" type="method" name="canAction" visibility="private" complexity="9" crap="90" count="0"/>
                <line num="304" type="stmt" count="0"/>
                <line num="306" type="stmt" count="0"/>
                <line num="307" type="stmt" count="0"/>
                <line num="309" type="stmt" count="0"/>
                <line num="310" type="stmt" count="0"/>
                <line num="312" type="stmt" count="0"/>
                <line num="313" type="stmt" count="0"/>
                <line num="314" type="stmt" count="0"/>
                <line num="317" type="stmt" count="0"/>
                <line num="318" type="stmt" count="0"/>
                <line num="322" type="stmt" count="0"/>
                <line num="324" type="stmt" count="0"/>
                <line num="325" type="stmt" count="0"/>
                <line num="326" type="stmt" count="0"/>
                <line num="327" type="stmt" count="0"/>
                <line num="331" type="stmt" count="0"/>
                <line num="339" type="method" name="getUserMenu" visibility="public" complexity="3" crap="3.01"
                      count="9"/>
                <line num="341" type="stmt" count="9"/>
                <line num="342" type="stmt" count="9"/>
                <line num="343" type="stmt" count="9"/>
                <line num="345" type="stmt" count="9"/>
                <line num="346" type="stmt" count="0"/>
                <line num="349" type="stmt" count="9"/>
                <line num="351" type="stmt" count="9"/>
                <line num="352" type="stmt" count="9"/>
                <line num="353" type="stmt" count="9"/>
                <line num="354" type="stmt" count="9"/>
                <line num="356" type="stmt" count="9"/>
                <line num="358" type="stmt" count="9"/>
                <line num="366" type="method" name="getPageDetails" visibility="protected" complexity="2" crap="6"
                      count="0"/>
                <line num="368" type="stmt" count="0"/>
                <line num="369" type="stmt" count="0"/>
                <line num="370" type="stmt" count="0"/>
                <line num="372" type="stmt" count="0"/>
                <line num="373" type="stmt" count="0"/>
                <metrics loc="375" ncloc="252" classes="1" methods="8" coveredmethods="2" conditionals="0"
                         coveredconditionals="0" statements="104" coveredstatements="20" elements="112"
                         coveredelements="22"/>
            </file>
            <file name="/home/rsanjose/source_code/alxarafe/src/Alxarafe/Core/Base/AuthPageExtendedController.php">
                <class name="Alxarafe\Core\Base\AuthPageExtendedController" namespace="Alxarafe\Core\Base"
                       fullPackage="Alxarafe" package="Alxarafe">
                    <metrics complexity="41" methods="22" coveredmethods="13" conditionals="0" coveredconditionals="0"
                             statements="127" coveredstatements="77" elements="149" coveredelements="90"/>
                </class>
                <line num="143" type="method" name="__construct" visibility="public" complexity="1" crap="1" count="1"/>
                <line num="145" type="stmt" count="1"/>
                <line num="146" type="stmt" count="1"/>
                <line num="147" type="stmt" count="1"/>
                <line num="148" type="stmt" count="1"/>
                <line num="149" type="stmt" count="1"/>
                <line num="156" type="method" name="getExtraActions" visibility="public" complexity="1" crap="1"
                      count="7"/>
                <line num="158" type="stmt" count="7"/>
                <line num="166" type="method" name="getStatus" visibility="public" complexity="1" crap="2" count="0"/>
                <line num="168" type="stmt" count="0"/>
                <line num="176" type="method" name="addMethod" visibility="public" complexity="1" crap="1" count="8"/>
                <line num="178" type="stmt" count="8"/>
                <line num="184" type="method" name="createMethod" visibility="public" complexity="1" crap="1"
                      count="16"/>
                <line num="186" type="stmt" count="16"/>
                <line num="187" type="stmt" count="16"/>
                <line num="188" type="stmt" count="16"/>
                <line num="189" type="stmt" count="16"/>
                <line num="195" type="method" name="initialize" visibility="public" complexity="2" crap="2" count="78"/>
                <line num="197" type="stmt" count="78"/>
                <line num="198" type="stmt" count="78"/>
                <line num="200" type="stmt" count="78"/>
                <line num="202" type="stmt" count="78"/>
                <line num="203" type="stmt" count="78"/>
                <line num="204" type="stmt" count="78"/>
                <line num="205" type="stmt" count="78"/>
                <line num="215" type="method" name="getRecordData" visibility="protected" complexity="3" crap="3.21"
                      count="78"/>
                <line num="217" type="stmt" count="78"/>
                <line num="218" type="stmt" count="78"/>
                <line num="219" type="stmt" count="78"/>
                <line num="220" type="stmt" count="78"/>
                <line num="222" type="stmt" count="0"/>
                <line num="224" type="stmt" count="0"/>
                <line num="226" type="stmt" count="78"/>
                <line num="234" type="method" name="showMethod" visibility="public" complexity="1" crap="1" count="8"/>
                <line num="236" type="stmt" count="8"/>
                <line num="242" type="method" name="readMethod" visibility="public" complexity="1" crap="1" count="16"/>
                <line num="244" type="stmt" count="16"/>
                <line num="245" type="stmt" count="16"/>
                <line num="246" type="stmt" count="16"/>
                <line num="247" type="stmt" count="16"/>
                <line num="248" type="stmt" count="16"/>
                <line num="251" type="method" name="getComponents" visibility="private" complexity="4" crap="4"
                      count="78"/>
                <line num="253" type="stmt" count="78"/>
                <line num="254" type="stmt" count="78"/>
                <line num="255" type="stmt" count="78"/>
                <line num="256" type="stmt" count="78"/>
                <line num="257" type="stmt" count="78"/>
                <line num="258" type="stmt" count="78"/>
                <line num="259" type="stmt" count="78"/>
                <line num="260" type="stmt" count="78"/>
                <line num="261" type="stmt" count="78"/>
                <line num="262" type="stmt" count="78"/>
                <line num="263" type="stmt" count="78"/>
                <line num="265" type="stmt" count="78"/>
                <line num="266" type="stmt" count="78"/>
                <line num="269" type="stmt" count="78"/>
                <line num="271" type="method" name="getComponentClass" visibility="private" complexity="2" crap="2.21"
                      count="78"/>
                <line num="273" type="stmt" count="78"/>
                <line num="274" type="stmt" count="78"/>
                <line num="275" type="stmt" count="78"/>
                <line num="276" type="stmt" count="78"/>
                <line num="277" type="stmt" count="0"/>
                <line num="278" type="stmt" count="0"/>
                <line num="279" type="stmt" count="0"/>
                <line num="281" type="stmt" count="78"/>
                <line num="289" type="method" name="editMethod" visibility="public" complexity="1" crap="1" count="8"/>
                <line num="291" type="stmt" count="8"/>
                <line num="299" type="method" name="updateMethod" visibility="public" complexity="4" crap="5.26"
                      count="16"/>
                <line num="301" type="stmt" count="16"/>
                <line num="302" type="stmt" count="16"/>
                <line num="303" type="stmt" count="16"/>
                <line num="304" type="stmt" count="16"/>
                <line num="305" type="stmt" count="16"/>
                <line num="306" type="stmt" count="0"/>
                <line num="307" type="stmt" count="0"/>
                <line num="308" type="stmt" count="16"/>
                <line num="309" type="stmt" count="0"/>
                <line num="310" type="stmt" count="0"/>
                <line num="311" type="stmt" count="16"/>
                <line num="312" type="stmt" count="0"/>
                <line num="313" type="stmt" count="0"/>
                <line num="315" type="stmt" count="16"/>
                <line num="323" type="method" name="cancel" visibility="protected" complexity="2" crap="6" count="0"/>
                <line num="326" type="stmt" count="0"/>
                <line num="327" type="stmt" count="0"/>
                <line num="329" type="stmt" count="0"/>
                <line num="337" type="method" name="save" visibility="protected" complexity="3" crap="12" count="0"/>
                <line num="339" type="stmt" count="0"/>
                <line num="340" type="stmt" count="0"/>
                <line num="341" type="stmt" count="0"/>
                <line num="342" type="stmt" count="0"/>
                <line num="343" type="stmt" count="0"/>
                <line num="344" type="stmt" count="0"/>
                <line num="345" type="stmt" count="0"/>
                <line num="346" type="stmt" count="0"/>
                <line num="348" type="stmt" count="0"/>
                <line num="349" type="stmt" count="0"/>
                <line num="351" type="stmt" count="0"/>
                <line num="353" type="stmt" count="0"/>
                <line num="362" type="method" name="getDataPost" visibility="protected" complexity="1" crap="2"
                      count="0"/>
                <line num="364" type="stmt" count="0"/>
                <line num="365" type="stmt" count="0"/>
                <line num="373" type="method" name="removeMethod" visibility="public" complexity="1" crap="1"
                      count="8"/>
                <line num="375" type="stmt" count="8"/>
                <line num="383" type="method" name="deleteMethod" visibility="public" complexity="4" crap="4.37"
                      count="14"/>
                <line num="385" type="stmt" count="14"/>
                <line num="387" type="stmt" count="14"/>
                <line num="388" type="stmt" count="0"/>
                <line num="389" type="stmt" count="14"/>
                <line num="390" type="stmt" count="0"/>
                <line num="392" type="stmt" count="14"/>
                <line num="394" type="stmt" count="14"/>
                <line num="400" type="method" name="accessDenied" visibility="public" complexity="1" crap="1"
                      count="8"/>
                <line num="402" type="stmt" count="8"/>
                <line num="403" type="stmt" count="8"/>
                <line num="410" type="method" name="indexMethod" visibility="public" complexity="1" crap="1" count="8"/>
                <line num="412" type="stmt" count="8"/>
                <line num="413" type="stmt" count="8"/>
                <line num="414" type="stmt" count="8"/>
                <line num="422" type="method" name="listData" visibility="public" complexity="1" crap="1" count="16"/>
                <line num="424" type="stmt" count="16"/>
                <line num="425" type="stmt" count="16"/>
                <line num="427" type="stmt" count="16"/>
                <line num="428" type="stmt" count="16"/>
                <line num="439" type="method" name="getActionButtons" visibility="public" complexity="4" crap="11.94"
                      count="8"/>
                <line num="441" type="stmt" count="8"/>
                <line num="442" type="stmt" count="8"/>
                <line num="443" type="stmt" count="0"/>
                <line num="444" type="stmt" count="0"/>
                <line num="445" type="stmt" count="0"/>
                <line num="446" type="stmt" count="0"/>
                <line num="447" type="stmt" count="0"/>
                <line num="448" type="stmt" count="0"/>
                <line num="451" type="stmt" count="8"/>
                <line num="452" type="stmt" count="0"/>
                <line num="453" type="stmt" count="0"/>
                <line num="454" type="stmt" count="0"/>
                <line num="455" type="stmt" count="0"/>
                <line num="456" type="stmt" count="0"/>
                <line num="457" type="stmt" count="0"/>
                <line num="460" type="stmt" count="8"/>
                <line num="461" type="stmt" count="0"/>
                <line num="462" type="stmt" count="0"/>
                <line num="463" type="stmt" count="0"/>
                <line num="464" type="stmt" count="0"/>
                <line num="465" type="stmt" count="0"/>
                <line num="466" type="stmt" count="0"/>
                <line num="467" type="stmt" count="0"/>
                <line num="471" type="stmt" count="8"/>
                <metrics loc="493" ncloc="308" classes="1" methods="22" coveredmethods="13" conditionals="0"
                         coveredconditionals="0" statements="127" coveredstatements="77" elements="149"
                         coveredelements="90"/>
            </file>
            <file name="/home/rsanjose/source_code/alxarafe/src/Alxarafe/Core/Base/Cache.php">
                <class name="Alxarafe\Core\Base\Cache" namespace="Alxarafe\Core\Base" fullPackage="Alxarafe"
                       package="Alxarafe">
                    <metrics complexity="13" methods="5" coveredmethods="0" conditionals="0" coveredconditionals="0"
                             statements="39" coveredstatements="0" elements="44" coveredelements="0"/>
                </class>
                <line num="60" type="method" name="__construct" visibility="public" complexity="6" crap="42" count="0"/>
                <line num="62" type="stmt" count="0"/>
                <line num="63" type="stmt" count="0"/>
                <line num="64" type="stmt" count="0"/>
                <line num="66" type="stmt" count="0"/>
                <line num="67" type="stmt" count="0"/>
                <line num="69" type="stmt" count="0"/>
                <line num="70" type="stmt" count="0"/>
                <line num="72" type="stmt" count="0"/>
                <line num="73" type="stmt" count="0"/>
                <line num="75" type="stmt" count="0"/>
                <line num="76" type="stmt" count="0"/>
                <line num="78" type="stmt" count="0"/>
                <line num="87" type="method" name="connectMemcache" visibility="private" complexity="3" crap="12"
                      count="0"/>
                <line num="89" type="stmt" count="0"/>
                <line num="90" type="stmt" count="0"/>
                <line num="91" type="stmt" count="0"/>
                <line num="93" type="stmt" count="0"/>
                <line num="94" type="stmt" count="0"/>
                <line num="95" type="stmt" count="0"/>
                <line num="96" type="stmt" count="0"/>
                <line num="99" type="stmt" count="0"/>
                <line num="108" type="method" name="connectPDO" visibility="private" complexity="1" crap="2" count="0"/>
                <line num="110" type="stmt" count="0"/>
                <line num="111" type="stmt" count="0"/>
                <line num="112" type="stmt" count="0"/>
                <line num="113" type="stmt" count="0"/>
                <line num="114" type="stmt" count="0"/>
                <line num="116" type="stmt" count="0"/>
                <line num="125" type="method" name="connectPhpFiles" visibility="private" complexity="2" crap="6"
                      count="0"/>
                <line num="127" type="stmt" count="0"/>
                <line num="129" type="stmt" count="0"/>
                <line num="130" type="stmt" count="0"/>
                <line num="131" type="stmt" count="0"/>
                <line num="134" type="stmt" count="0"/>
                <line num="135" type="stmt" count="0"/>
                <line num="136" type="stmt" count="0"/>
                <line num="138" type="stmt" count="0"/>
                <line num="147" type="method" name="connectFilesystem" visibility="private" complexity="1" crap="2"
                      count="0"/>
                <line num="149" type="stmt" count="0"/>
                <line num="150" type="stmt" count="0"/>
                <line num="151" type="stmt" count="0"/>
                <line num="152" type="stmt" count="0"/>
                <line num="155" type="stmt" count="0"/>
                <metrics loc="156" ncloc="104" classes="1" methods="5" coveredmethods="0" conditionals="0"
                         coveredconditionals="0" statements="39" coveredstatements="0" elements="44"
                         coveredelements="0"/>
            </file>
            <file name="/home/rsanjose/source_code/alxarafe/src/Alxarafe/Core/Base/CacheCore.php">
                <class name="Alxarafe\Core\Base\CacheCore" namespace="Alxarafe\Core\Base" fullPackage="Alxarafe"
                       package="Alxarafe">
                    <metrics complexity="7" methods="5" coveredmethods="5" conditionals="0" coveredconditionals="0"
                             statements="13" coveredstatements="13" elements="18" coveredelements="18"/>
                </class>
                <line num="50" type="method" name="__construct" visibility="public" complexity="3" crap="3" count="1"/>
                <line num="52" type="stmt" count="1"/>
                <line num="53" type="stmt" count="1"/>
                <line num="54" type="stmt" count="1"/>
                <line num="55" type="stmt" count="1"/>
                <line num="56" type="stmt" count="1"/>
                <line num="57" type="stmt" count="1"/>
                <line num="60" type="stmt" count="1"/>
                <line num="69" type="method" name="connectPhpArray" visibility="private" complexity="1" crap="1"
                      count="1"/>
                <line num="71" type="stmt" count="1"/>
                <line num="72" type="stmt" count="1"/>
                <line num="73" type="stmt" count="1"/>
                <line num="80" type="method" name="getInstance" visibility="public" complexity="1" crap="1" count="2"/>
                <line num="82" type="stmt" count="2"/>
                <line num="90" type="method" name="getDefaultValues" visibility="public" complexity="1" crap="1"
                      count="1"/>
                <line num="93" type="stmt" count="1"/>
                <line num="101" type="method" name="getEngine" visibility="public" complexity="1" crap="1" count="2"/>
                <line num="103" type="stmt" count="2"/>
                <metrics loc="105" ncloc="63" classes="1" methods="5" coveredmethods="5" conditionals="0"
                         coveredconditionals="0" statements="13" coveredstatements="13" elements="18"
                         coveredelements="18"/>
            </file>
            <file name="/home/rsanjose/source_code/alxarafe/src/Alxarafe/Core/Base/Controller.php">
                <class name="Alxarafe\Core\Base\Controller" namespace="Alxarafe\Core\Base" fullPackage="Alxarafe"
                       package="Alxarafe">
                    <metrics complexity="20" methods="15" coveredmethods="13" conditionals="0" coveredconditionals="0"
                             statements="51" coveredstatements="42" elements="66" coveredelements="55"/>
                </class>
                <line num="110" type="method" name="__construct" visibility="public" complexity="1" crap="1" count="1"/>
                <line num="112" type="stmt" count="1"/>
                <line num="113" type="stmt" count="1"/>
                <line num="114" type="stmt" count="1"/>
                <line num="115" type="stmt" count="1"/>
                <line num="116" type="stmt" count="1"/>
                <line num="117" type="stmt" count="1"/>
                <line num="118" type="stmt" count="1"/>
                <line num="119" type="stmt" count="1"/>
                <line num="120" type="stmt" count="1"/>
                <line num="121" type="stmt" count="1"/>
                <line num="122" type="stmt" count="1"/>
                <line num="123" type="stmt" count="1"/>
                <line num="124" type="stmt" count="1"/>
                <line num="125" type="stmt" count="1"/>
                <line num="126" type="stmt" count="1"/>
                <line num="135" type="method" name="sendResponseTemplate" visibility="public" complexity="1" crap="1"
                      count="85"/>
                <line num="137" type="stmt" count="85"/>
                <line num="138" type="stmt" count="85"/>
                <line num="149" type="method" name="sendResponse" visibility="public" complexity="1" crap="1"
                      count="96"/>
                <line num="151" type="stmt" count="96"/>
                <line num="152" type="stmt" count="96"/>
                <line num="153" type="stmt" count="96"/>
                <line num="163" type="method" name="redirect" visibility="public" complexity="2" crap="2" count="46"/>
                <line num="165" type="stmt" count="46"/>
                <line num="166" type="stmt" count="11"/>
                <line num="168" type="stmt" count="46"/>
                <line num="169" type="stmt" count="46"/>
                <line num="170" type="stmt" count="46"/>
                <line num="178" type="method" name="runMethod" visibility="public" complexity="1" crap="2" count="0"/>
                <line num="180" type="stmt" count="0"/>
                <line num="181" type="stmt" count="0"/>
                <line num="182" type="stmt" count="0"/>
                <line num="195" type="method" name="addToVar" visibility="public" complexity="2" crap="2" count="33"/>
                <line num="197" type="stmt" count="33"/>
                <line num="198" type="stmt" count="33"/>
                <line num="200" type="stmt" count="33"/>
                <line num="216" type="method" name="addResource" visibility="public" complexity="4" crap="7.46"
                      count="33"/>
                <line num="218" type="stmt" count="33"/>
                <line num="219" type="stmt" count="33"/>
                <line num="220" type="stmt" count="33"/>
                <line num="221" type="stmt" count="33"/>
                <line num="223" type="stmt" count="0"/>
                <line num="225" type="stmt" count="0"/>
                <line num="226" type="stmt" count="0"/>
                <line num="227" type="stmt" count="0"/>
                <line num="228" type="stmt" count="0"/>
                <line num="230" type="stmt" count="0"/>
                <line num="240" type="method" name="addCSS" visibility="public" complexity="1" crap="1" count="11"/>
                <line num="242" type="stmt" count="11"/>
                <line num="243" type="stmt" count="11"/>
                <line num="252" type="method" name="addJS" visibility="public" complexity="1" crap="1" count="11"/>
                <line num="254" type="stmt" count="11"/>
                <line num="255" type="stmt" count="11"/>
                <line num="262" type="method" name="getArrayPost" visibility="public" complexity="1" crap="1"
                      count="11"/>
                <line num="264" type="stmt" count="11"/>
                <line num="272" type="method" name="getArrayGet" visibility="public" complexity="1" crap="1"
                      count="11"/>
                <line num="274" type="stmt" count="11"/>
                <line num="282" type="method" name="getArrayServer" visibility="public" complexity="1" crap="1"
                      count="11"/>
                <line num="284" type="stmt" count="11"/>
                <line num="292" type="method" name="getArrayHeaders" visibility="public" complexity="1" crap="1"
                      count="11"/>
                <line num="294" type="stmt" count="11"/>
                <line num="302" type="method" name="getArrayFiles" visibility="public" complexity="1" crap="1"
                      count="11"/>
                <line num="304" type="stmt" count="11"/>
                <line num="312" type="method" name="getArrayCookies" visibility="public" complexity="1" crap="1"
                      count="11"/>
                <line num="314" type="stmt" count="11"/>
                <metrics loc="316" ncloc="181" classes="1" methods="15" coveredmethods="13" conditionals="0"
                         coveredconditionals="0" statements="51" coveredstatements="42" elements="66"
                         coveredelements="55"/>
            </file>
            <file name="/home/rsanjose/source_code/alxarafe/src/Alxarafe/Core/Base/Entity.php">
                <class name="Alxarafe\Core\Base\Entity" namespace="Alxarafe\Core\Base" fullPackage="Alxarafe"
                       package="Alxarafe">
                    <metrics complexity="18" methods="12" coveredmethods="4" conditionals="0" coveredconditionals="0"
                             statements="37" coveredstatements="23" elements="49" coveredelements="27"/>
                </class>
                <line num="95" type="method" name="__construct" visibility="public" complexity="1" crap="1" count="42"/>
                <line num="97" type="stmt" count="42"/>
                <line num="98" type="stmt" count="42"/>
                <line num="99" type="stmt" count="42"/>
                <line num="100" type="stmt" count="42"/>
                <line num="101" type="stmt" count="42"/>
                <line num="102" type="stmt" count="42"/>
                <line num="109" type="method" name="getId" visibility="public" complexity="1" crap="2" count="0"/>
                <line num="111" type="stmt" count="0"/>
                <line num="119" type="method" name="getNameField" visibility="public" complexity="1" crap="2"
                      count="0"/>
                <line num="121" type="stmt" count="0"/>
                <line num="131" type="method" name="setData" visibility="public" complexity="3" crap="3" count="42"/>
                <line num="133" type="stmt" count="42"/>
                <line num="134" type="stmt" count="42"/>
                <line num="136" type="stmt" count="42"/>
                <line num="137" type="stmt" count="42"/>
                <line num="146" type="method" name="getIdField" visibility="public" complexity="1" crap="1"
                      count="119"/>
                <line num="148" type="stmt" count="119"/>
                <line num="156" type="method" name="getData" visibility="public" complexity="1" crap="2" count="0"/>
                <line num="158" type="stmt" count="0"/>
                <line num="166" type="method" name="getOldData" visibility="public" complexity="1" crap="2" count="0"/>
                <line num="168" type="stmt" count="0"/>
                <line num="178" type="method" name="setOldData" visibility="public" complexity="1" crap="2" count="0"/>
                <line num="180" type="stmt" count="0"/>
                <line num="181" type="stmt" count="0"/>
                <line num="182" type="stmt" count="0"/>
                <line num="194" type="method" name="__call" visibility="public" complexity="4" crap="4.91" count="78"/>
                <line num="196" type="stmt" count="78"/>
                <line num="197" type="stmt" count="0"/>
                <line num="199" type="stmt" count="78"/>
                <line num="200" type="stmt" count="78"/>
                <line num="201" type="stmt" count="78"/>
                <line num="202" type="stmt" count="78"/>
                <line num="203" type="stmt" count="78"/>
                <line num="204" type="stmt" count="0"/>
                <line num="205" type="stmt" count="0"/>
                <line num="206" type="stmt" count="78"/>
                <line num="207" type="stmt" count="78"/>
                <line num="209" type="stmt" count="0"/>
                <line num="210" type="stmt" count="0"/>
                <line num="223" type="method" name="__get" visibility="public" complexity="1" crap="1" count="92"/>
                <line num="225" type="stmt" count="92"/>
                <line num="239" type="method" name="__set" visibility="public" complexity="2" crap="2.06" count="14"/>
                <line num="241" type="stmt" count="14"/>
                <line num="242" type="stmt" count="14"/>
                <line num="243" type="stmt" count="0"/>
                <line num="245" type="stmt" count="14"/>
                <line num="255" type="method" name="__isset" visibility="public" complexity="1" crap="2" count="0"/>
                <line num="257" type="stmt" count="0"/>
                <metrics loc="259" ncloc="140" classes="1" methods="12" coveredmethods="4" conditionals="0"
                         coveredconditionals="0" statements="37" coveredstatements="23" elements="49"
                         coveredelements="27"/>
            </file>
            <file name="/home/rsanjose/source_code/alxarafe/src/Alxarafe/Core/Base/FlatTable.php">
                <class name="Alxarafe\Core\Base\FlatTable" namespace="Alxarafe\Core\Base">
                    <metrics complexity="61" methods="19" coveredmethods="8" conditionals="0" coveredconditionals="0"
                             statements="143" coveredstatements="96" elements="162" coveredelements="104"/>
                </class>
                <line num="62" type="method" name="__construct" visibility="public" complexity="1" crap="1" count="42"/>
                <line num="64" type="stmt" count="42"/>
                <line num="65" type="stmt" count="42"/>
                <line num="66" type="stmt" count="42"/>
                <line num="67" type="stmt" count="42"/>
                <line num="68" type="stmt" count="42"/>
                <line num="69" type="stmt" count="42"/>
                <line num="70" type="stmt" count="42"/>
                <line num="71" type="stmt" count="42"/>
                <line num="72" type="stmt" count="42"/>
                <line num="73" type="stmt" count="42"/>
                <line num="74" type="stmt" count="42"/>
                <line num="80" type="method" name="getDataFields" visibility="private" complexity="3" crap="3.03"
                      count="42"/>
                <line num="82" type="stmt" count="42"/>
                <line num="83" type="stmt" count="42"/>
                <line num="84" type="stmt" count="0"/>
                <line num="87" type="stmt" count="42"/>
                <line num="88" type="stmt" count="42"/>
                <line num="89" type="stmt" count="42"/>
                <line num="91" type="stmt" count="42"/>
                <line num="98" type="method" name="generateYamlSummaryFile" visibility="public" complexity="8" crap="72"
                      count="0"/>
                <line num="100" type="stmt" count="0"/>
                <line num="101" type="stmt" count="0"/>
                <line num="102" type="stmt" count="0"/>
                <line num="103" type="stmt" count="0"/>
                <line num="104" type="stmt" count="0"/>
                <line num="105" type="stmt" count="0"/>
                <line num="108" type="stmt" count="0"/>
                <line num="109" type="stmt" count="0"/>
                <line num="110" type="stmt" count="0"/>
                <line num="111" type="stmt" count="0"/>
                <line num="113" type="stmt" count="0"/>
                <line num="114" type="stmt" count="0"/>
                <line num="118" type="stmt" count="0"/>
                <line num="119" type="stmt" count="0"/>
                <line num="121" type="stmt" count="0"/>
                <line num="122" type="stmt" count="0"/>
                <line num="133" type="method" name="getFieldClass" visibility="private" complexity="2" crap="2.31"
                      count="42"/>
                <line num="135" type="stmt" count="42"/>
                <line num="136" type="stmt" count="42"/>
                <line num="137" type="stmt" count="42"/>
                <line num="138" type="stmt" count="0"/>
                <line num="139" type="stmt" count="0"/>
                <line num="140" type="stmt" count="0"/>
                <line num="142" type="stmt" count="42"/>
                <line num="145" type="method" name="getStructArray" visibility="public" complexity="2" crap="2"
                      count="78"/>
                <line num="147" type="stmt" count="78"/>
                <line num="148" type="stmt" count="78"/>
                <line num="149" type="stmt" count="78"/>
                <line num="151" type="stmt" count="78"/>
                <line num="161" type="method" name="getField" visibility="public" complexity="1" crap="1" count="78"/>
                <line num="163" type="stmt" count="78"/>
                <line num="175" type="method" name="get" visibility="public" complexity="2" crap="2.06" count="1"/>
                <line num="177" type="stmt" count="1"/>
                <line num="178" type="stmt" count="0"/>
                <line num="180" type="stmt" count="1"/>
                <line num="181" type="stmt" count="1"/>
                <line num="194" type="method" name="getDataById" visibility="private" complexity="3" crap="3.07"
                      count="1"/>
                <line num="196" type="stmt" count="1"/>
                <line num="197" type="stmt" count="1"/>
                <line num="198" type="stmt" count="1"/>
                <line num="199" type="stmt" count="0"/>
                <line num="200" type="stmt" count="0"/>
                <line num="202" type="stmt" count="1"/>
                <line num="203" type="stmt" count="1"/>
                <line num="204" type="stmt" count="1"/>
                <line num="205" type="stmt" count="1"/>
                <line num="206" type="stmt" count="1"/>
                <line num="216" type="method" name="getQuotedTableName" visibility="public" complexity="1" crap="1"
                      count="33"/>
                <line num="218" type="stmt" count="33"/>
                <line num="227" type="method" name="newRecord" visibility="public" complexity="4" crap="4.05"
                      count="9"/>
                <line num="229" type="stmt" count="9"/>
                <line num="230" type="stmt" count="0"/>
                <line num="232" type="stmt" count="9"/>
                <line num="233" type="stmt" count="9"/>
                <line num="234" type="stmt" count="9"/>
                <line num="235" type="stmt" count="9"/>
                <line num="236" type="stmt" count="9"/>
                <line num="243" type="method" name="defaultData" visibility="public" complexity="2" crap="2"
                      count="119"/>
                <line num="245" type="stmt" count="119"/>
                <line num="246" type="stmt" count="119"/>
                <line num="247" type="stmt" count="119"/>
                <line num="249" type="stmt" count="119"/>
                <line num="259" type="method" name="getTableName" visibility="public" complexity="2" crap="6"
                      count="0"/>
                <line num="261" type="stmt" count="0"/>
                <line num="273" type="method" name="getDataArray" visibility="public" complexity="3" crap="12"
                      count="0"/>
                <line num="275" type="stmt" count="0"/>
                <line num="276" type="stmt" count="0"/>
                <line num="278" type="stmt" count="0"/>
                <line num="290" type="method" name="load" visibility="public" complexity="1" crap="1" count="1"/>
                <line num="292" type="stmt" count="1"/>
                <line num="300" type="method" name="save" visibility="public" complexity="9" crap="9.29" count="14"/>
                <line num="302" type="stmt" count="14"/>
                <line num="304" type="stmt" count="14"/>
                <line num="306" type="stmt" count="14"/>
                <line num="307" type="stmt" count="14"/>
                <line num="312" type="stmt" count="14"/>
                <line num="313" type="stmt" count="0"/>
                <line num="316" type="stmt" count="14"/>
                <line num="317" type="stmt" count="14"/>
                <line num="318" type="stmt" count="0"/>
                <line num="322" type="stmt" count="14"/>
                <line num="323" type="stmt" count="14"/>
                <line num="325" type="stmt" count="5"/>
                <line num="327" type="stmt" count="14"/>
                <line num="336" type="method" name="test" visibility="public" complexity="4" crap="4" count="14"/>
                <line num="338" type="stmt" count="14"/>
                <line num="339" type="stmt" count="14"/>
                <line num="340" type="stmt" count="14"/>
                <line num="341" type="stmt" count="14"/>
                <line num="343" type="stmt" count="14"/>
                <line num="344" type="stmt" count="14"/>
                <line num="345" type="stmt" count="14"/>
                <line num="347" type="stmt" count="14"/>
                <line num="358" type="method" name="updateRecord" visibility="private" complexity="2" crap="2"
                      count="5"/>
                <line num="360" type="stmt" count="5"/>
                <line num="361" type="stmt" count="5"/>
                <line num="362" type="stmt" count="5"/>
                <line num="363" type="stmt" count="5"/>
                <line num="364" type="stmt" count="5"/>
                <line num="367" type="stmt" count="5"/>
                <line num="369" type="stmt" count="5"/>
                <line num="370" type="stmt" count="5"/>
                <line num="371" type="stmt" count="5"/>
                <line num="373" type="stmt" count="5"/>
                <line num="384" type="method" name="insertRecord" visibility="private" complexity="8" crap="9.80"
                      count="9"/>
                <line num="386" type="stmt" count="9"/>
                <line num="387" type="stmt" count="9"/>
                <line num="388" type="stmt" count="9"/>
                <line num="390" type="stmt" count="9"/>
                <line num="391" type="stmt" count="9"/>
                <line num="394" type="stmt" count="9"/>
                <line num="395" type="stmt" count="9"/>
                <line num="396" type="stmt" count="9"/>
                <line num="397" type="stmt" count="9"/>
                <line num="400" type="stmt" count="9"/>
                <line num="401" type="stmt" count="0"/>
                <line num="402" type="stmt" count="0"/>
                <line num="403" type="stmt" count="0"/>
                <line num="406" type="stmt" count="9"/>
                <line num="407" type="stmt" count="9"/>
                <line num="409" type="stmt" count="9"/>
                <line num="411" type="stmt" count="9"/>
                <line num="413" type="stmt" count="9"/>
                <line num="414" type="stmt" count="0"/>
                <line num="416" type="stmt" count="0"/>
                <line num="417" type="stmt" count="0"/>
                <line num="418" type="stmt" count="0"/>
                <line num="422" type="stmt" count="9"/>
                <line num="430" type="method" name="delete" visibility="public" complexity="3" crap="8.21" count="14"/>
                <line num="432" type="stmt" count="14"/>
                <line num="433" type="stmt" count="14"/>
                <line num="435" type="stmt" count="0"/>
                <line num="436" type="stmt" count="0"/>
                <line num="437" type="stmt" count="0"/>
                <line num="438" type="stmt" count="0"/>
                <line num="439" type="stmt" count="0"/>
                <line num="440" type="stmt" count="0"/>
                <line num="441" type="stmt" count="0"/>
                <line num="442" type="stmt" count="0"/>
                <line num="443" type="stmt" count="0"/>
                <line num="445" type="stmt" count="0"/>
                <metrics loc="447" ncloc="305" classes="1" methods="19" coveredmethods="8" conditionals="0"
                         coveredconditionals="0" statements="143" coveredstatements="96" elements="162"
                         coveredelements="104"/>
            </file>
            <file name="/home/rsanjose/source_code/alxarafe/src/Alxarafe/Core/Base/SimpleTable.php">
                <class name="Alxarafe\Core\Base\SimpleTable" namespace="Alxarafe\Core\Base">
                    <metrics complexity="20" methods="8" coveredmethods="3" conditionals="0" coveredconditionals="0"
                             statements="45" coveredstatements="14" elements="53" coveredelements="17"/>
                </class>
                <line num="27" type="method" name="getBy" visibility="public" complexity="1" crap="1" count="15"/>
                <line num="29" type="stmt" count="15"/>
                <line num="43" type="method" name="getDataBy" visibility="private" complexity="3" crap="3" count="15"/>
                <line num="45" type="stmt" count="15"/>
                <line num="46" type="stmt" count="15"/>
                <line num="47" type="stmt" count="15"/>
                <line num="48" type="stmt" count="15"/>
                <line num="49" type="stmt" count="9"/>
                <line num="50" type="stmt" count="9"/>
                <line num="52" type="stmt" count="6"/>
                <line num="53" type="stmt" count="6"/>
                <line num="54" type="stmt" count="6"/>
                <line num="55" type="stmt" count="6"/>
                <line num="56" type="stmt" count="6"/>
                <line num="65" type="method" name="getAllRecords" visibility="public" complexity="1" crap="1"
                      count="1"/>
                <line num="67" type="stmt" count="1"/>
                <line num="68" type="stmt" count="1"/>
                <line num="76" type="method" name="countAllRecords" visibility="public" complexity="2" crap="6"
                      count="0"/>
                <line num="78" type="stmt" count="0"/>
                <line num="79" type="stmt" count="0"/>
                <line num="80" type="stmt" count="0"/>
                <line num="81" type="stmt" count="0"/>
                <line num="91" type="method" name="getAllRecordsPaged" visibility="public" complexity="1" crap="2"
                      count="0"/>
                <line num="93" type="stmt" count="0"/>
                <line num="94" type="stmt" count="0"/>
                <line num="95" type="stmt" count="0"/>
                <line num="109" type="method" name="search" visibility="public" complexity="2" crap="6" count="0"/>
                <line num="111" type="stmt" count="0"/>
                <line num="112" type="stmt" count="0"/>
                <line num="113" type="stmt" count="0"/>
                <line num="114" type="stmt" count="0"/>
                <line num="116" type="stmt" count="0"/>
                <line num="127" type="method" name="searchQuery" visibility="public" complexity="8" crap="72"
                      count="0"/>
                <line num="129" type="stmt" count="0"/>
                <line num="131" type="stmt" count="0"/>
                <line num="132" type="stmt" count="0"/>
                <line num="135" type="stmt" count="0"/>
                <line num="136" type="stmt" count="0"/>
                <line num="137" type="stmt" count="0"/>
                <line num="138" type="stmt" count="0"/>
                <line num="139" type="stmt" count="0"/>
                <line num="140" type="stmt" count="0"/>
                <line num="141" type="stmt" count="0"/>
                <line num="142" type="stmt" count="0"/>
                <line num="143" type="stmt" count="0"/>
                <line num="146" type="stmt" count="0"/>
                <line num="149" type="stmt" count="0"/>
                <line num="161" type="method" name="searchCount" visibility="public" complexity="2" crap="6" count="0"/>
                <line num="163" type="stmt" count="0"/>
                <line num="164" type="stmt" count="0"/>
                <line num="165" type="stmt" count="0"/>
                <line num="166" type="stmt" count="0"/>
                <line num="167" type="stmt" count="0"/>
                <metrics loc="169" ncloc="104" classes="1" methods="8" coveredmethods="3" conditionals="0"
                         coveredconditionals="0" statements="45" coveredstatements="14" elements="53"
                         coveredelements="17"/>
            </file>
            <file name="/home/rsanjose/source_code/alxarafe/src/Alxarafe/Core/Base/Table.php">
                <class name="Alxarafe\Core\Base\Table" namespace="Alxarafe\Core\Base" fullPackage="Alxarafe"
                       package="Alxarafe">
                    <metrics complexity="17" methods="7" coveredmethods="2" conditionals="0" coveredconditionals="0"
                             statements="43" coveredstatements="16" elements="50" coveredelements="18"/>
                </class>
                <line num="31" type="method" name="__construct" visibility="public" complexity="1" crap="1" count="42"/>
                <line num="33" type="stmt" count="42"/>
                <line num="34" type="stmt" count="42"/>
                <line num="35" type="stmt" count="42"/>
                <line num="37" type="stmt" count="42"/>
                <line num="38" type="stmt" count="42"/>
                <line num="39" type="stmt" count="42"/>
                <line num="49" type="method" name="getIdByName" visibility="public" complexity="4" crap="20" count="0"/>
                <line num="51" type="stmt" count="0"/>
                <line num="52" type="stmt" count="0"/>
                <line num="55" type="stmt" count="0"/>
                <line num="56" type="stmt" count="0"/>
                <line num="57" type="stmt" count="0"/>
                <line num="58" type="stmt" count="0"/>
                <line num="59" type="stmt" count="0"/>
                <line num="62" type="stmt" count="0"/>
                <line num="75" type="method" name="getAllRecordsBy" visibility="public" complexity="4" crap="4"
                      count="10"/>
                <line num="77" type="stmt" count="10"/>
                <line num="78" type="stmt" count="10"/>
                <line num="79" type="stmt" count="1"/>
                <line num="81" type="stmt" count="10"/>
                <line num="82" type="stmt" count="1"/>
                <line num="83" type="stmt" count="1"/>
                <line num="85" type="stmt" count="9"/>
                <line num="87" type="stmt" count="10"/>
                <line num="88" type="stmt" count="10"/>
                <line num="89" type="stmt" count="10"/>
                <line num="99" type="method" name="getAllKeyValue" visibility="public" complexity="3" crap="12"
                      count="0"/>
                <line num="101" type="stmt" count="0"/>
                <line num="102" type="stmt" count="0"/>
                <line num="103" type="stmt" count="0"/>
                <line num="105" type="stmt" count="0"/>
                <line num="106" type="stmt" count="0"/>
                <line num="107" type="stmt" count="0"/>
                <line num="108" type="stmt" count="0"/>
                <line num="110" type="stmt" count="0"/>
                <line num="120" type="method" name="saveRecord" visibility="public" complexity="2" crap="6" count="0"/>
                <line num="122" type="stmt" count="0"/>
                <line num="123" type="stmt" count="0"/>
                <line num="125" type="stmt" count="0"/>
                <line num="135" type="method" name="saveData" visibility="protected" complexity="2" crap="6" count="0"/>
                <line num="137" type="stmt" count="0"/>
                <line num="138" type="stmt" count="0"/>
                <line num="139" type="stmt" count="0"/>
                <line num="140" type="stmt" count="0"/>
                <line num="141" type="stmt" count="0"/>
                <line num="143" type="stmt" count="0"/>
                <line num="151" type="method" name="getDescription" visibility="public" complexity="1" crap="2"
                      count="0"/>
                <line num="153" type="stmt" count="0"/>
                <line num="154" type="stmt" count="0"/>
                <metrics loc="156" ncloc="98" classes="1" methods="7" coveredmethods="2" conditionals="0"
                         coveredconditionals="0" statements="43" coveredstatements="16" elements="50"
                         coveredelements="18"/>
            </file>
        </package>
        <package name="Alxarafe\Core">
            <file name="/home/rsanjose/source_code/alxarafe/src/Alxarafe/Core/BootStrap.php">
                <class name="Alxarafe\Core\BootStrap" namespace="Alxarafe\Core" fullPackage="Alxarafe"
                       package="Alxarafe">
                    <metrics complexity="22" methods="7" coveredmethods="2" conditionals="0" coveredconditionals="0"
                             statements="100" coveredstatements="2" elements="107" coveredelements="4"/>
                </class>
                <line num="186" type="method" name="__construct" visibility="public" complexity="3" crap="12"
                      count="0"/>
                <line num="188" type="stmt" count="0"/>
                <line num="189" type="stmt" count="0"/>
                <line num="190" type="stmt" count="0"/>
                <line num="191" type="stmt" count="0"/>
                <line num="192" type="stmt" count="0"/>
                <line num="193" type="stmt" count="0"/>
                <line num="194" type="stmt" count="0"/>
                <line num="196" type="stmt" count="0"/>
                <line num="197" type="stmt" count="0"/>
                <line num="198" type="stmt" count="0"/>
                <line num="199" type="stmt" count="0"/>
                <line num="201" type="stmt" count="0"/>
                <line num="202" type="stmt" count="0"/>
                <line num="203" type="stmt" count="0"/>
                <line num="205" type="stmt" count="0"/>
                <line num="206" type="stmt" count="0"/>
                <line num="208" type="stmt" count="0"/>
                <line num="209" type="stmt" count="0"/>
                <line num="210" type="stmt" count="0"/>
                <line num="211" type="stmt" count="0"/>
                <line num="212" type="stmt" count="0"/>
                <line num="213" type="stmt" count="0"/>
                <line num="214" type="stmt" count="0"/>
                <line num="215" type="stmt" count="0"/>
                <line num="216" type="stmt" count="0"/>
                <line num="218" type="stmt" count="0"/>
                <line num="220" type="stmt" count="0"/>
                <line num="221" type="stmt" count="0"/>
                <line num="223" type="stmt" count="0"/>
                <line num="230" type="method" name="getInstance" visibility="public" complexity="1" crap="1"
                      count="85"/>
                <line num="232" type="stmt" count="85"/>
                <line num="240" type="method" name="getStartTime" visibility="public" complexity="1" crap="1"
                      count="85"/>
                <line num="242" type="stmt" count="85"/>
                <line num="248" type="method" name="init" visibility="public" complexity="5" crap="30" count="0"/>
                <line num="250" type="stmt" count="0"/>
                <line num="252" type="stmt" count="0"/>
                <line num="253" type="stmt" count="0"/>
                <line num="255" type="stmt" count="0"/>
                <line num="256" type="stmt" count="0"/>
                <line num="257" type="stmt" count="0"/>
                <line num="258" type="stmt" count="0"/>
                <line num="259" type="stmt" count="0"/>
                <line num="260" type="stmt" count="0"/>
                <line num="261" type="stmt" count="0"/>
                <line num="263" type="stmt" count="0"/>
                <line num="264" type="stmt" count="0"/>
                <line num="266" type="stmt" count="0"/>
                <line num="271" type="method" name="toContainer" visibility="private" complexity="1" crap="2"
                      count="0"/>
                <line num="274" type="stmt" count="0"/>
                <line num="275" type="stmt" count="0"/>
                <line num="277" type="stmt" count="0"/>
                <line num="278" type="stmt" count="0"/>
                <line num="279" type="stmt" count="0"/>
                <line num="280" type="stmt" count="0"/>
                <line num="281" type="stmt" count="0"/>
                <line num="286" type="method" name="run" visibility="public" complexity="9" crap="90" count="0"/>
                <line num="288" type="stmt" count="0"/>
                <line num="289" type="stmt" count="0"/>
                <line num="290" type="stmt" count="0"/>
                <line num="291" type="stmt" count="0"/>
                <line num="293" type="stmt" count="0"/>
                <line num="294" type="stmt" count="0"/>
                <line num="295" type="stmt" count="0"/>
                <line num="296" type="stmt" count="0"/>
                <line num="297" type="stmt" count="0"/>
                <line num="298" type="stmt" count="0"/>
                <line num="301" type="stmt" count="0"/>
                <line num="302" type="stmt" count="0"/>
                <line num="303" type="stmt" count="0"/>
                <line num="304" type="stmt" count="0"/>
                <line num="305" type="stmt" count="0"/>
                <line num="306" type="stmt" count="0"/>
                <line num="307" type="stmt" count="0"/>
                <line num="308" type="stmt" count="0"/>
                <line num="309" type="stmt" count="0"/>
                <line num="310" type="stmt" count="0"/>
                <line num="311" type="stmt" count="0"/>
                <line num="312" type="stmt" count="0"/>
                <line num="314" type="stmt" count="0"/>
                <line num="315" type="stmt" count="0"/>
                <line num="316" type="stmt" count="0"/>
                <line num="321" type="stmt" count="0"/>
                <line num="322" type="stmt" count="0"/>
                <line num="324" type="stmt" count="0"/>
                <line num="325" type="stmt" count="0"/>
                <line num="326" type="stmt" count="0"/>
                <line num="328" type="stmt" count="0"/>
                <line num="329" type="stmt" count="0"/>
                <line num="331" type="stmt" count="0"/>
                <line num="332" type="stmt" count="0"/>
                <line num="339" type="method" name="api" visibility="public" complexity="2" crap="6" count="0"/>
                <line num="341" type="stmt" count="0"/>
                <line num="342" type="stmt" count="0"/>
                <line num="343" type="stmt" count="0"/>
                <line num="345" type="stmt" count="0"/>
                <line num="346" type="stmt" count="0"/>
                <line num="347" type="stmt" count="0"/>
                <line num="348" type="stmt" count="0"/>
                <line num="349" type="stmt" count="0"/>
                <line num="350" type="stmt" count="0"/>
                <line num="351" type="stmt" count="0"/>
                <line num="352" type="stmt" count="0"/>
                <line num="353" type="stmt" count="0"/>
                <line num="354" type="stmt" count="0"/>
                <line num="356" type="stmt" count="0"/>
                <line num="357" type="stmt" count="0"/>
                <metrics loc="359" ncloc="247" classes="1" methods="7" coveredmethods="2" conditionals="0"
                         coveredconditionals="0" statements="100" coveredstatements="2" elements="107"
                         coveredelements="4"/>
            </file>
            <file name="/home/rsanjose/source_code/alxarafe/src/Alxarafe/Core/InitializerAbstract.php">
                <class name="Alxarafe\Core\InitializerAbstract" namespace="Alxarafe\Core" fullPackage="Alxarafe"
                       package="Alxarafe">
                    <metrics complexity="5" methods="0" coveredmethods="0" conditionals="0" coveredconditionals="0"
                             statements="0" coveredstatements="0" elements="0" coveredelements="0"/>
                </class>
                <metrics loc="40" ncloc="23" classes="0" methods="0" coveredmethods="0" conditionals="0"
                         coveredconditionals="0" statements="0" coveredstatements="0" elements="0" coveredelements="0"/>
            </file>
        </package>
        <package name="Alxarafe\Core\Controllers">
            <file name="/home/rsanjose/source_code/alxarafe/src/Alxarafe/Core/Controllers/CreateConfig.php">
                <class name="Alxarafe\Core\Controllers\CreateConfig" namespace="Alxarafe\Core\Controllers"
                       fullPackage="Alxarafe" package="Alxarafe">
                    <metrics complexity="17" methods="6" coveredmethods="3" conditionals="0" coveredconditionals="0"
                             statements="81" coveredstatements="13" elements="87" coveredelements="16"/>
                </class>
                <line num="103" type="method" name="indexMethod" visibility="public" complexity="5" crap="20.15"
                      count="1"/>
                <line num="105" type="stmt" count="1"/>
                <line num="106" type="stmt" count="1"/>
                <line num="109" type="stmt" count="0"/>
                <line num="110" type="stmt" count="0"/>
                <line num="111" type="stmt" count="0"/>
                <line num="112" type="stmt" count="0"/>
                <line num="113" type="stmt" count="0"/>
                <line num="114" type="stmt" count="0"/>
                <line num="115" type="stmt" count="0"/>
                <line num="116" type="stmt" count="0"/>
                <line num="118" type="stmt" count="0"/>
                <line num="119" type="stmt" count="0"/>
                <line num="120" type="stmt" count="0"/>
                <line num="126" type="method" name="setDefaultData" visibility="private" complexity="1" crap="2"
                      count="0"/>
                <line num="128" type="stmt" count="0"/>
                <line num="129" type="stmt" count="0"/>
                <line num="130" type="stmt" count="0"/>
                <line num="131" type="stmt" count="0"/>
                <line num="133" type="stmt" count="0"/>
                <line num="134" type="stmt" count="0"/>
                <line num="135" type="stmt" count="0"/>
                <line num="136" type="stmt" count="0"/>
                <line num="137" type="stmt" count="0"/>
                <line num="139" type="stmt" count="0"/>
                <line num="140" type="stmt" count="0"/>
                <line num="141" type="stmt" count="0"/>
                <line num="142" type="stmt" count="0"/>
                <line num="143" type="stmt" count="0"/>
                <line num="144" type="stmt" count="0"/>
                <line num="145" type="stmt" count="0"/>
                <line num="147" type="stmt" count="0"/>
                <line num="148" type="stmt" count="0"/>
                <line num="149" type="stmt" count="0"/>
                <line num="150" type="stmt" count="0"/>
                <line num="151" type="stmt" count="0"/>
                <line num="152" type="stmt" count="0"/>
                <line num="159" type="method" name="save" visibility="private" complexity="7" crap="56" count="0"/>
                <line num="161" type="stmt" count="0"/>
                <line num="162" type="stmt" count="0"/>
                <line num="163" type="stmt" count="0"/>
                <line num="164" type="stmt" count="0"/>
                <line num="165" type="stmt" count="0"/>
                <line num="166" type="stmt" count="0"/>
                <line num="169" type="stmt" count="0"/>
                <line num="170" type="stmt" count="0"/>
                <line num="171" type="stmt" count="0"/>
                <line num="172" type="stmt" count="0"/>
                <line num="173" type="stmt" count="0"/>
                <line num="176" type="stmt" count="0"/>
                <line num="177" type="stmt" count="0"/>
                <line num="178" type="stmt" count="0"/>
                <line num="179" type="stmt" count="0"/>
                <line num="180" type="stmt" count="0"/>
                <line num="181" type="stmt" count="0"/>
                <line num="182" type="stmt" count="0"/>
                <line num="183" type="stmt" count="0"/>
                <line num="186" type="stmt" count="0"/>
                <line num="187" type="stmt" count="0"/>
                <line num="188" type="stmt" count="0"/>
                <line num="189" type="stmt" count="0"/>
                <line num="190" type="stmt" count="0"/>
                <line num="191" type="stmt" count="0"/>
                <line num="192" type="stmt" count="0"/>
                <line num="193" type="stmt" count="0"/>
                <line num="194" type="stmt" count="0"/>
                <line num="195" type="stmt" count="0"/>
                <line num="196" type="stmt" count="0"/>
                <line num="197" type="stmt" count="0"/>
                <line num="200" type="stmt" count="0"/>
                <line num="202" type="stmt" count="0"/>
                <line num="203" type="stmt" count="0"/>
                <line num="206" type="stmt" count="0"/>
                <line num="214" type="method" name="generateMethod" visibility="public" complexity="1" crap="1"
                      count="1"/>
                <line num="216" type="stmt" count="1"/>
                <line num="217" type="stmt" count="1"/>
                <line num="225" type="method" name="pageDetails" visibility="public" complexity="1" crap="1" count="1"/>
                <line num="228" type="stmt" count="1"/>
                <line num="234" type="stmt" count="1"/>
                <line num="244" type="method" name="getTimezoneList" visibility="public" complexity="2" crap="2"
                      count="1"/>
                <line num="246" type="stmt" count="1"/>
                <line num="247" type="stmt" count="1"/>
                <line num="248" type="stmt" count="1"/>
                <line num="249" type="stmt" count="1"/>
                <line num="250" type="stmt" count="1"/>
                <line num="251" type="stmt" count="1"/>
                <line num="253" type="stmt" count="1"/>
                <metrics loc="255" ncloc="182" classes="1" methods="6" coveredmethods="3" conditionals="0"
                         coveredconditionals="0" statements="81" coveredstatements="13" elements="87"
                         coveredelements="16"/>
            </file>
            <file name="/home/rsanjose/source_code/alxarafe/src/Alxarafe/Core/Controllers/EditConfig.php">
                <class name="Alxarafe\Core\Controllers\EditConfig" namespace="Alxarafe\Core\Controllers"
                       fullPackage="Alxarafe" package="Alxarafe">
                    <metrics complexity="24" methods="10" coveredmethods="7" conditionals="0" coveredconditionals="0"
                             statements="98" coveredstatements="43" elements="108" coveredelements="50"/>
                </class>
                <line num="102" type="method" name="pageDetails" visibility="public" complexity="1" crap="1" count="2"/>
                <line num="105" type="stmt" count="2"/>
                <line num="111" type="stmt" count="2"/>
                <line num="121" type="method" name="getTimezoneList" visibility="public" complexity="2" crap="2"
                      count="1"/>
                <line num="123" type="stmt" count="1"/>
                <line num="124" type="stmt" count="1"/>
                <line num="125" type="stmt" count="1"/>
                <line num="126" type="stmt" count="1"/>
                <line num="127" type="stmt" count="1"/>
                <line num="128" type="stmt" count="1"/>
                <line num="130" type="stmt" count="1"/>
                <line num="138" type="method" name="createMethod" visibility="public" complexity="1" crap="1"
                      count="1"/>
                <line num="141" type="stmt" count="1"/>
                <line num="149" type="method" name="indexMethod" visibility="public" complexity="7" crap="18.62"
                      count="5"/>
                <line num="151" type="stmt" count="5"/>
                <line num="152" type="stmt" count="5"/>
                <line num="153" type="stmt" count="5"/>
                <line num="154" type="stmt" count="0"/>
                <line num="155" type="stmt" count="0"/>
                <line num="156" type="stmt" count="5"/>
                <line num="157" type="stmt" count="0"/>
                <line num="158" type="stmt" count="0"/>
                <line num="160" type="stmt" count="0"/>
                <line num="161" type="stmt" count="5"/>
                <line num="162" type="stmt" count="0"/>
                <line num="163" type="stmt" count="0"/>
                <line num="164" type="stmt" count="0"/>
                <line num="165" type="stmt" count="0"/>
                <line num="166" type="stmt" count="0"/>
                <line num="167" type="stmt" count="0"/>
                <line num="169" type="stmt" count="0"/>
                <line num="170" type="stmt" count="5"/>
                <line num="171" type="stmt" count="0"/>
                <line num="173" type="stmt" count="5"/>
                <line num="174" type="stmt" count="5"/>
                <line num="180" type="method" name="setDefaultData" visibility="private" complexity="1" crap="1"
                      count="5"/>
                <line num="182" type="stmt" count="5"/>
                <line num="183" type="stmt" count="5"/>
                <line num="184" type="stmt" count="5"/>
                <line num="185" type="stmt" count="5"/>
                <line num="187" type="stmt" count="5"/>
                <line num="188" type="stmt" count="5"/>
                <line num="189" type="stmt" count="5"/>
                <line num="190" type="stmt" count="5"/>
[...]
                      count="1"/>
                <line num="134" type="stmt" count="1"/>
                <line num="136" type="method" name="testDelete" visibility="public" complexity="1" crap="1" count="1"/>
                <line num="142" type="stmt" count="1"/>
                <line num="144" type="method" name="testSearch" visibility="public" complexity="1" crap="1" count="1"/>
                <line num="150" type="stmt" count="1"/>
                <line num="152" type="method" name="testGetNameField" visibility="public" complexity="1" crap="1"
                      count="1"/>
                <line num="158" type="stmt" count="1"/>
                <line num="160" type="method" name="testGetIdByName" visibility="public" complexity="1" crap="1"
                      count="1"/>
                <line num="166" type="stmt" count="1"/>
                <line num="168" type="method" name="testGetIdField" visibility="public" complexity="1" crap="1"
                      count="1"/>
                <line num="174" type="stmt" count="1"/>
                <line num="176" type="method" name="testGetTableName" visibility="public" complexity="1" crap="1"
                      count="1"/>
                <line num="182" type="stmt" count="1"/>
                <line num="184" type="method" name="testSearchQuery" visibility="public" complexity="1" crap="1"
                      count="1"/>
                <line num="190" type="stmt" count="1"/>
                <line num="192" type="method" name="testGet" visibility="public" complexity="1" crap="1" count="1"/>
                <line num="198" type="stmt" count="1"/>
                <line num="200" type="method" name="test__get" visibility="public" complexity="1" crap="1" count="1"/>
                <line num="206" type="stmt" count="1"/>
                <line num="208" type="method" name="testSetOldData" visibility="public" complexity="1" crap="1"
                      count="1"/>
                <line num="214" type="stmt" count="1"/>
                <line num="216" type="method" name="testVerifyLogKey" visibility="public" complexity="1" crap="1"
                      count="1"/>
                <line num="222" type="stmt" count="1"/>
                <line num="224" type="method" name="testGetData" visibility="public" complexity="1" crap="1" count="1"/>
                <line num="230" type="stmt" count="1"/>
                <line num="232" type="method" name="test__set" visibility="public" complexity="1" crap="1" count="1"/>
                <line num="238" type="stmt" count="1"/>
                <line num="240" type="method" name="testGetDefaultValues" visibility="public" complexity="1" crap="1"
                      count="1"/>
                <line num="246" type="stmt" count="1"/>
                <line num="248" type="method" name="testGetBy" visibility="public" complexity="1" crap="1" count="1"/>
                <line num="254" type="stmt" count="1"/>
                <line num="256" type="method" name="testCountAllRecords" visibility="public" complexity="1" crap="1"
                      count="1"/>
                <line num="262" type="stmt" count="1"/>
                <line num="264" type="method" name="testGetAllRecordsBy" visibility="public" complexity="1" crap="1"
                      count="1"/>
                <line num="270" type="stmt" count="1"/>
                <line num="272" type="method" name="testGetAllRecords" visibility="public" complexity="1" crap="1"
                      count="1"/>
                <line num="278" type="stmt" count="1"/>
                <line num="280" type="method" name="testGetChecksFromTable" visibility="public" complexity="1" crap="1"
                      count="1"/>
                <line num="286" type="stmt" count="1"/>
                <line num="288" type="method" name="testNewRecord" visibility="public" complexity="1" crap="1"
                      count="1"/>
                <line num="294" type="stmt" count="1"/>
                <line num="296" type="method" name="testGetQuotedTableName" visibility="public" complexity="1" crap="1"
                      count="1"/>
                <line num="302" type="stmt" count="1"/>
                <line num="304" type="method" name="testGetId" visibility="public" complexity="1" crap="1" count="1"/>
                <line num="310" type="stmt" count="1"/>
                <line num="312" type="method" name="testGetStructure" visibility="public" complexity="1" crap="1"
                      count="1"/>
                <line num="318" type="stmt" count="1"/>
                <line num="320" type="method" name="testSearchCount" visibility="public" complexity="1" crap="1"
                      count="1"/>
                <line num="326" type="stmt" count="1"/>
                <line num="332" type="method" name="tearDown" visibility="protected" complexity="1" crap="1"
                      count="39"/>
                <line num="337" type="stmt" count="39"/>
                <metrics loc="338" ncloc="176" classes="1" methods="41" coveredmethods="40" conditionals="0"
                         coveredconditionals="0" statements="43" coveredstatements="40" elements="84"
                         coveredelements="80"/>
            </file>
        </package>
        <package name="Modules\Sample\Controllers">
            <file name="/home/rsanjose/source_code/alxarafe/src/Modules/Sample/Controllers/Countries.php">
                <class name="Modules\Sample\Controllers\Countries" namespace="Modules\Sample\Controllers"
                       fullPackage="Modules" package="Modules">
                    <metrics complexity="2" methods="2" coveredmethods="2" conditionals="0" coveredconditionals="0"
                             statements="4" coveredstatements="4" elements="6" coveredelements="6"/>
                </class>
                <line num="22" type="method" name="__construct" visibility="public" complexity="1" crap="1" count="1"/>
                <line num="24" type="stmt" count="1"/>
                <line num="25" type="stmt" count="1"/>
                <line num="32" type="method" name="pageDetails" visibility="public" complexity="1" crap="1" count="1"/>
                <line num="35" type="stmt" count="1"/>
                <line num="40" type="stmt" count="1"/>
                <metrics loc="42" ncloc="29" classes="1" methods="2" coveredmethods="2" conditionals="0"
                         coveredconditionals="0" statements="4" coveredstatements="4" elements="6" coveredelements="6"/>
            </file>
            <file name="/home/rsanjose/source_code/alxarafe/src/Modules/Sample/Controllers/IntermediateRegions.php">
                <class name="Modules\Sample\Controllers\IntermediateRegions" namespace="Modules\Sample\Controllers"
                       fullPackage="Modules" package="Modules">
                    <metrics complexity="2" methods="2" coveredmethods="2" conditionals="0" coveredconditionals="0"
                             statements="4" coveredstatements="4" elements="6" coveredelements="6"/>
                </class>
                <line num="22" type="method" name="__construct" visibility="public" complexity="1" crap="1" count="1"/>
                <line num="24" type="stmt" count="1"/>
                <line num="25" type="stmt" count="1"/>
                <line num="32" type="method" name="pageDetails" visibility="public" complexity="1" crap="1" count="1"/>
                <line num="35" type="stmt" count="1"/>
                <line num="40" type="stmt" count="1"/>
                <metrics loc="42" ncloc="29" classes="1" methods="2" coveredmethods="2" conditionals="0"
                         coveredconditionals="0" statements="4" coveredstatements="4" elements="6" coveredelements="6"/>
            </file>
            <file name="/home/rsanjose/source_code/alxarafe/src/Modules/Sample/Controllers/People.php">
                <class name="Modules\Sample\Controllers\People" namespace="Modules\Sample\Controllers"
                       fullPackage="Modules" package="Modules">
                    <metrics complexity="2" methods="2" coveredmethods="2" conditionals="0" coveredconditionals="0"
                             statements="4" coveredstatements="4" elements="6" coveredelements="6"/>
                </class>
                <line num="22" type="method" name="__construct" visibility="public" complexity="1" crap="1" count="1"/>
                <line num="24" type="stmt" count="1"/>
                <line num="25" type="stmt" count="1"/>
                <line num="32" type="method" name="pageDetails" visibility="public" complexity="1" crap="1" count="1"/>
                <line num="35" type="stmt" count="1"/>
                <line num="40" type="stmt" count="1"/>
                <metrics loc="42" ncloc="29" classes="1" methods="2" coveredmethods="2" conditionals="0"
                         coveredconditionals="0" statements="4" coveredstatements="4" elements="6" coveredelements="6"/>
            </file>
            <file name="/home/rsanjose/source_code/alxarafe/src/Modules/Sample/Controllers/Regions.php">
                <class name="Modules\Sample\Controllers\Regions" namespace="Modules\Sample\Controllers"
                       fullPackage="Modules" package="Modules">
                    <metrics complexity="2" methods="2" coveredmethods="2" conditionals="0" coveredconditionals="0"
                             statements="4" coveredstatements="4" elements="6" coveredelements="6"/>
                </class>
                <line num="22" type="method" name="__construct" visibility="public" complexity="1" crap="1" count="1"/>
                <line num="24" type="stmt" count="1"/>
                <line num="25" type="stmt" count="1"/>
                <line num="32" type="method" name="pageDetails" visibility="public" complexity="1" crap="1" count="1"/>
                <line num="35" type="stmt" count="1"/>
                <line num="40" type="stmt" count="1"/>
                <metrics loc="42" ncloc="29" classes="1" methods="2" coveredmethods="2" conditionals="0"
                         coveredconditionals="0" statements="4" coveredstatements="4" elements="6" coveredelements="6"/>
            </file>
            <file name="/home/rsanjose/source_code/alxarafe/src/Modules/Sample/Controllers/SampleComponents.php">
                <class name="Modules\Sample\Controllers\SampleComponents" namespace="Modules\Sample\Controllers"
                       fullPackage="Modules" package="Modules">
                    <metrics complexity="2" methods="2" coveredmethods="2" conditionals="0" coveredconditionals="0"
                             statements="4" coveredstatements="4" elements="6" coveredelements="6"/>
                </class>
                <line num="22" type="method" name="__construct" visibility="public" complexity="1" crap="1" count="1"/>
                <line num="24" type="stmt" count="1"/>
                <line num="25" type="stmt" count="1"/>
                <line num="32" type="method" name="pageDetails" visibility="public" complexity="1" crap="1" count="1"/>
                <line num="35" type="stmt" count="1"/>
                <line num="40" type="stmt" count="1"/>
                <metrics loc="42" ncloc="29" classes="1" methods="2" coveredmethods="2" conditionals="0"
                         coveredconditionals="0" statements="4" coveredstatements="4" elements="6" coveredelements="6"/>
            </file>
            <file name="/home/rsanjose/source_code/alxarafe/src/Modules/Sample/Controllers/Subregions.php">
                <class name="Modules\Sample\Controllers\Subregions" namespace="Modules\Sample\Controllers"
                       fullPackage="Modules" package="Modules">
                    <metrics complexity="2" methods="2" coveredmethods="2" conditionals="0" coveredconditionals="0"
                             statements="4" coveredstatements="4" elements="6" coveredelements="6"/>
                </class>
                <line num="22" type="method" name="__construct" visibility="public" complexity="1" crap="1" count="1"/>
                <line num="24" type="stmt" count="1"/>
                <line num="25" type="stmt" count="1"/>
                <line num="32" type="method" name="pageDetails" visibility="public" complexity="1" crap="1" count="1"/>
                <line num="35" type="stmt" count="1"/>
                <line num="40" type="stmt" count="1"/>
                <metrics loc="42" ncloc="29" classes="1" methods="2" coveredmethods="2" conditionals="0"
                         coveredconditionals="0" statements="4" coveredstatements="4" elements="6" coveredelements="6"/>
            </file>
        </package>
        <package name="Modules\Sample\Models">
            <file name="/home/rsanjose/source_code/alxarafe/src/Modules/Sample/Models/Country.php">
                <class name="Modules\Sample\Models\Country" namespace="Modules\Sample\Models" fullPackage="Modules"
                       package="Modules">
                    <metrics complexity="3" methods="3" coveredmethods="2" conditionals="0" coveredconditionals="0"
                             statements="4" coveredstatements="3" elements="7" coveredelements="5"/>
                </class>
                <line num="23" type="method" name="__construct" visibility="public" complexity="1" crap="1" count="1"/>
                <line num="25" type="stmt" count="1"/>
                <line num="26" type="stmt" count="1"/>
                <line num="33" type="method" name="getNameField" visibility="public" complexity="1" crap="2" count="0"/>
                <line num="35" type="stmt" count="0"/>
                <line num="43" type="method" name="getDependencies" visibility="public" complexity="1" crap="1"
                      count="1"/>
                <line num="46" type="stmt" count="1"/>
                <metrics loc="51" ncloc="32" classes="1" methods="3" coveredmethods="2" conditionals="0"
                         coveredconditionals="0" statements="4" coveredstatements="3" elements="7" coveredelements="5"/>
            </file>
            <file name="/home/rsanjose/source_code/alxarafe/src/Modules/Sample/Models/IntermediateRegion.php">
                <class name="Modules\Sample\Models\IntermediateRegion" namespace="Modules\Sample\Models"
                       fullPackage="Modules" package="Modules">
                    <metrics complexity="1" methods="1" coveredmethods="1" conditionals="0" coveredconditionals="0"
                             statements="2" coveredstatements="2" elements="3" coveredelements="3"/>
                </class>
                <line num="23" type="method" name="__construct" visibility="public" complexity="1" crap="1" count="1"/>
                <line num="25" type="stmt" count="1"/>
                <line num="26" type="stmt" count="1"/>
                <metrics loc="27" ncloc="16" classes="1" methods="1" coveredmethods="1" conditionals="0"
                         coveredconditionals="0" statements="2" coveredstatements="2" elements="3" coveredelements="3"/>
            </file>
            <file name="/home/rsanjose/source_code/alxarafe/src/Modules/Sample/Models/Person.php">
                <class name="Modules\Sample\Models\Person" namespace="Modules\Sample\Models" fullPackage="Modules"
                       package="Modules">
                    <metrics complexity="3" methods="3" coveredmethods="2" conditionals="0" coveredconditionals="0"
                             statements="4" coveredstatements="3" elements="7" coveredelements="5"/>
                </class>
                <line num="23" type="method" name="__construct" visibility="public" complexity="1" crap="1" count="1"/>
                <line num="25" type="stmt" count="1"/>
                <line num="26" type="stmt" count="1"/>
                <line num="33" type="method" name="getNameField" visibility="public" complexity="1" crap="2" count="0"/>
                <line num="35" type="stmt" count="0"/>
                <line num="43" type="method" name="getDependencies" visibility="public" complexity="1" crap="1"
                      count="1"/>
                <line num="46" type="stmt" count="1"/>
                <metrics loc="49" ncloc="30" classes="1" methods="3" coveredmethods="2" conditionals="0"
                         coveredconditionals="0" statements="4" coveredstatements="3" elements="7" coveredelements="5"/>
            </file>
            <file name="/home/rsanjose/source_code/alxarafe/src/Modules/Sample/Models/Region.php">
                <class name="Modules\Sample\Models\Region" namespace="Modules\Sample\Models" fullPackage="Modules"
                       package="Modules">
                    <metrics complexity="1" methods="1" coveredmethods="1" conditionals="0" coveredconditionals="0"
                             statements="2" coveredstatements="2" elements="3" coveredelements="3"/>
                </class>
                <line num="23" type="method" name="__construct" visibility="public" complexity="1" crap="1" count="1"/>
                <line num="25" type="stmt" count="1"/>
                <line num="26" type="stmt" count="1"/>
                <metrics loc="27" ncloc="16" classes="1" methods="1" coveredmethods="1" conditionals="0"
                         coveredconditionals="0" statements="2" coveredstatements="2" elements="3" coveredelements="3"/>
            </file>
            <file name="/home/rsanjose/source_code/alxarafe/src/Modules/Sample/Models/SampleComponent.php">
                <class name="Modules\Sample\Models\SampleComponent" namespace="Modules\Sample\Models"
                       fullPackage="Modules" package="Modules">
                    <metrics complexity="2" methods="2" coveredmethods="1" conditionals="0" coveredconditionals="0"
                             statements="3" coveredstatements="2" elements="5" coveredelements="3"/>
                </class>
                <line num="23" type="method" name="__construct" visibility="public" complexity="1" crap="1" count="1"/>
                <line num="25" type="stmt" count="1"/>
                <line num="26" type="stmt" count="1"/>
                <line num="33" type="method" name="getNameField" visibility="public" complexity="1" crap="2" count="0"/>
                <line num="35" type="stmt" count="0"/>
                <metrics loc="37" ncloc="22" classes="1" methods="2" coveredmethods="1" conditionals="0"
                         coveredconditionals="0" statements="3" coveredstatements="2" elements="5" coveredelements="3"/>
            </file>
            <file name="/home/rsanjose/source_code/alxarafe/src/Modules/Sample/Models/Subregion.php">
                <class name="Modules\Sample\Models\Subregion" namespace="Modules\Sample\Models" fullPackage="Modules"
                       package="Modules">
                    <metrics complexity="1" methods="1" coveredmethods="1" conditionals="0" coveredconditionals="0"
                             statements="2" coveredstatements="2" elements="3" coveredelements="3"/>
                </class>
                <line num="23" type="method" name="__construct" visibility="public" complexity="1" crap="1" count="1"/>
                <line num="25" type="stmt" count="1"/>
                <line num="26" type="stmt" count="1"/>
                <metrics loc="27" ncloc="16" classes="1" methods="1" coveredmethods="1" conditionals="0"
                         coveredconditionals="0" statements="2" coveredstatements="2" elements="3" coveredelements="3"/>
            </file>
        </package>
        <metrics files="167" loc="19543" ncloc="12414" classes="165" methods="1014" coveredmethods="623"
                 conditionals="0" coveredconditionals="0" statements="4112" coveredstatements="1906" elements="5126"
                 coveredelements="2529"/>
    </project>
</coverage>
